<?xml version="1.0" encoding="UTF-8"?>
<!-- Generated by org.testng.reporters.JUnitReportReporter -->
<testsuite skipped="0" hostname="LAPTOP-CQCP7E8G" name="GetOperation.GetUserTest" tests="1" failures="0" timestamp="02 Feb 2021 19:11:14 GMT" time="1.484" errors="0">
  <testcase name="getEmployeeDetailTest" time="1.484" classname="GetOperation.GetUserTest"/>
</testsuite> <!-- GetOperation.GetUserTest -->
